#-----------------------------------------------------------
# Vivado v2017.2 (64-bit)
# SW Build 1909853 on Thu Jun 15 18:39:09 MDT 2017
# IP Build 1909766 on Thu Jun 15 19:58:00 MDT 2017
# Start of session at: Mon Jun 18 21:27:28 2018
# Process ID: 23556
# Current directory: C:/Users/97504/Documents/texicounter2
# Command line: vivado.exe -gui_launcher_event rodinguilauncherevent12304 C:\Users\97504\Documents\texicounter2\texicounter.xpr
# Log file: C:/Users/97504/Documents/texicounter2/vivado.log
# Journal file: C:/Users/97504/Documents/texicounter2\vivado.jou
#-----------------------------------------------------------
start_gui
open_project C:/Users/97504/Documents/texicounter2/texicounter.xpr
CRITICAL WARNING: [Project 1-19] Could not find the file 'C:/Users/97504/Documents/texicounter/texicounter.srcs/sources_1/new/Number27.v'.
CRITICAL WARNING: [Project 1-19] Could not find the file 'C:/Users/97504/Documents/texicounter/texicounter.srcs/sources_1/new/Scan_Double.v'.
CRITICAL WARNING: [Project 1-19] Could not find the file 'C:/Users/97504/Documents/texicounter/texicounter.srcs/sources_1/new/PutNum.v'.
Scanning sources...
Finished scanning sources
INFO: [IP_Flow 19-234] Refreshing IP repositories
INFO: [IP_Flow 19-1704] No user IP repositories specified
INFO: [IP_Flow 19-2313] Loaded Vivado IP repository 'C:/vivado/Vivado/2017.2/data/ip'.
open_project: Time (s): cpu = 00:00:14 ; elapsed = 00:00:06 . Memory (MB): peak = 803.934 ; gain = 134.574
update_compile_order -fileset sources_1
synth_design -rtl -name rtl_1
Command: synth_design -rtl -name rtl_1
Starting synth_design
Using part: xc7a35tcsg324-3
Top: Taxi_Counter
---------------------------------------------------------------------------------
Starting RTL Elaboration : Time (s): cpu = 00:00:04 ; elapsed = 00:00:03 . Memory (MB): peak = 873.902 ; gain = 64.680
---------------------------------------------------------------------------------
INFO: [Synth 8-638] synthesizing module 'Taxi_Counter' [C:/Users/97504/Documents/texicounter2/texicounter.srcs/sources_1/new/Taxi_Counter.v:23]
INFO: [Synth 8-638] synthesizing module 'Counter' [C:/Users/97504/Documents/texicounter2/texicounter.srcs/sources_1/new/display.v:24]
INFO: [Synth 8-5534] Detected attribute (* dont_touch = "true" *) [C:/Users/97504/Documents/texicounter2/texicounter.srcs/sources_1/new/display.v:43]
INFO: [Synth 8-5534] Detected attribute (* dont_touch = "true" *) [C:/Users/97504/Documents/texicounter2/texicounter.srcs/sources_1/new/display.v:44]
INFO: [Synth 8-5534] Detected attribute (* dont_touch = "true" *) [C:/Users/97504/Documents/texicounter2/texicounter.srcs/sources_1/new/display.v:45]
INFO: [Synth 8-5534] Detected attribute (* dont_touch = "true" *) [C:/Users/97504/Documents/texicounter2/texicounter.srcs/sources_1/new/display.v:46]
INFO: [Synth 8-5534] Detected attribute (* dont_touch = "true" *) [C:/Users/97504/Documents/texicounter2/texicounter.srcs/sources_1/new/display.v:47]
INFO: [Synth 8-5534] Detected attribute (* dont_touch = "true" *) [C:/Users/97504/Documents/texicounter2/texicounter.srcs/sources_1/new/display.v:48]
INFO: [Synth 8-5534] Detected attribute (* dont_touch = "true" *) [C:/Users/97504/Documents/texicounter2/texicounter.srcs/sources_1/new/display.v:49]
INFO: [Synth 8-5534] Detected attribute (* dont_touch = "true" *) [C:/Users/97504/Documents/texicounter2/texicounter.srcs/sources_1/new/display.v:50]
INFO: [Synth 8-5534] Detected attribute (* dont_touch = "true" *) [C:/Users/97504/Documents/texicounter2/texicounter.srcs/sources_1/new/display.v:51]
INFO: [Synth 8-5534] Detected attribute (* dont_touch = "true" *) [C:/Users/97504/Documents/texicounter2/texicounter.srcs/sources_1/new/display.v:52]
INFO: [Synth 8-5534] Detected attribute (* dont_touch = "true" *) [C:/Users/97504/Documents/texicounter2/texicounter.srcs/sources_1/new/display.v:53]
INFO: [Synth 8-5534] Detected attribute (* dont_touch = "true" *) [C:/Users/97504/Documents/texicounter2/texicounter.srcs/sources_1/new/display.v:54]
INFO: [Synth 8-5534] Detected attribute (* dont_touch = "true" *) [C:/Users/97504/Documents/texicounter2/texicounter.srcs/sources_1/new/display.v:55]
INFO: [Synth 8-5534] Detected attribute (* dont_touch = "true" *) [C:/Users/97504/Documents/texicounter2/texicounter.srcs/sources_1/new/display.v:56]
INFO: [Synth 8-5534] Detected attribute (* dont_touch = "true" *) [C:/Users/97504/Documents/texicounter2/texicounter.srcs/sources_1/new/display.v:57]
INFO: [Synth 8-5534] Detected attribute (* dont_touch = "true" *) [C:/Users/97504/Documents/texicounter2/texicounter.srcs/sources_1/new/display.v:59]
INFO: [Synth 8-5534] Detected attribute (* dont_touch = "true" *) [C:/Users/97504/Documents/texicounter2/texicounter.srcs/sources_1/new/display.v:60]
INFO: [Synth 8-638] synthesizing module 'PutNum' [C:/Users/97504/Documents/texicounter2/texicounter.srcs/sources_1/new/PutNum.v:23]
INFO: [Synth 8-256] done synthesizing module 'PutNum' (1#1) [C:/Users/97504/Documents/texicounter2/texicounter.srcs/sources_1/new/PutNum.v:23]
INFO: [Synth 8-638] synthesizing module 'put_time' [C:/Users/97504/Documents/texicounter2/texicounter.srcs/sources_1/new/put_time.v:23]
INFO: [Synth 8-256] done synthesizing module 'put_time' (2#1) [C:/Users/97504/Documents/texicounter2/texicounter.srcs/sources_1/new/put_time.v:23]
INFO: [Synth 8-638] synthesizing module 'Button_Control' [C:/Users/97504/Documents/texicounter2/texicounter.srcs/sources_1/new/Button_Control.v:23]
INFO: [Synth 8-256] done synthesizing module 'Button_Control' (3#1) [C:/Users/97504/Documents/texicounter2/texicounter.srcs/sources_1/new/Button_Control.v:23]
INFO: [Synth 8-155] case statement is not full and has no default [C:/Users/97504/Documents/texicounter2/texicounter.srcs/sources_1/new/display.v:154]
INFO: [Synth 8-256] done synthesizing module 'Counter' (4#1) [C:/Users/97504/Documents/texicounter2/texicounter.srcs/sources_1/new/display.v:24]
INFO: [Synth 8-638] synthesizing module 'Scan_Double' [C:/Users/97504/Documents/texicounter2/texicounter.srcs/sources_1/new/Scan_Double.v:22]
INFO: [Synth 8-638] synthesizing module 'Number27' [C:/Users/97504/Documents/texicounter2/texicounter.srcs/sources_1/new/Number27.v:23]
INFO: [Synth 8-256] done synthesizing module 'Number27' (5#1) [C:/Users/97504/Documents/texicounter2/texicounter.srcs/sources_1/new/Number27.v:23]
WARNING: [Synth 8-567] referenced signal 's1' should be on the sensitivity list [C:/Users/97504/Documents/texicounter2/texicounter.srcs/sources_1/new/Scan_Double.v:48]
WARNING: [Synth 8-567] referenced signal 's5' should be on the sensitivity list [C:/Users/97504/Documents/texicounter2/texicounter.srcs/sources_1/new/Scan_Double.v:48]
WARNING: [Synth 8-567] referenced signal 's2' should be on the sensitivity list [C:/Users/97504/Documents/texicounter2/texicounter.srcs/sources_1/new/Scan_Double.v:48]
WARNING: [Synth 8-567] referenced signal 's6' should be on the sensitivity list [C:/Users/97504/Documents/texicounter2/texicounter.srcs/sources_1/new/Scan_Double.v:48]
WARNING: [Synth 8-567] referenced signal 's3' should be on the sensitivity list [C:/Users/97504/Documents/texicounter2/texicounter.srcs/sources_1/new/Scan_Double.v:48]
WARNING: [Synth 8-567] referenced signal 's7' should be on the sensitivity list [C:/Users/97504/Documents/texicounter2/texicounter.srcs/sources_1/new/Scan_Double.v:48]
WARNING: [Synth 8-567] referenced signal 's4' should be on the sensitivity list [C:/Users/97504/Documents/texicounter2/texicounter.srcs/sources_1/new/Scan_Double.v:48]
WARNING: [Synth 8-567] referenced signal 's8' should be on the sensitivity list [C:/Users/97504/Documents/texicounter2/texicounter.srcs/sources_1/new/Scan_Double.v:48]
WARNING: [Synth 8-6014] Unused sequential element Out_Select2_reg was removed.  [C:/Users/97504/Documents/texicounter2/texicounter.srcs/sources_1/new/Scan_Double.v:51]
INFO: [Synth 8-256] done synthesizing module 'Scan_Double' (6#1) [C:/Users/97504/Documents/texicounter2/texicounter.srcs/sources_1/new/Scan_Double.v:22]
INFO: [Synth 8-256] done synthesizing module 'Taxi_Counter' (7#1) [C:/Users/97504/Documents/texicounter2/texicounter.srcs/sources_1/new/Taxi_Counter.v:23]
---------------------------------------------------------------------------------
Finished RTL Elaboration : Time (s): cpu = 00:00:06 ; elapsed = 00:00:04 . Memory (MB): peak = 915.590 ; gain = 106.367
---------------------------------------------------------------------------------

Report Check Netlist: 
+------+------------------+-------+---------+-------+------------------+
|      |Item              |Errors |Warnings |Status |Description       |
+------+------------------+-------+---------+-------+------------------+
|1     |multi_driven_nets |      0|        0|Passed |Multi driven nets |
+------+------------------+-------+---------+-------+------------------+
---------------------------------------------------------------------------------
Finished RTL Optimization Phase 1 : Time (s): cpu = 00:00:06 ; elapsed = 00:00:05 . Memory (MB): peak = 915.590 ; gain = 106.367
---------------------------------------------------------------------------------
INFO: [Device 21-403] Loading part xc7a35tcsg324-3
INFO: [Project 1-570] Preparing netlist for logic optimization

Processing XDC Constraints
Initializing timing engine
Parsing XDC File [C:/Users/97504/Documents/texicounter2/texicounter.srcs/constrs_1/new/test.xdc]
WARNING: [Vivado 12-507] No nets matched 'S2_IBUF'. [C:/Users/97504/Documents/texicounter2/texicounter.srcs/constrs_1/new/test.xdc:36]
CRITICAL WARNING: [Common 17-55] 'set_property' expects at least one object. [C:/Users/97504/Documents/texicounter2/texicounter.srcs/constrs_1/new/test.xdc:36]
Resolution: If [get_<value>] was used to populate the object, check to make sure this command returns at least one valid object.
WARNING: [Vivado 12-507] No nets matched 'S0_IBUF'. [C:/Users/97504/Documents/texicounter2/texicounter.srcs/constrs_1/new/test.xdc:37]
CRITICAL WARNING: [Common 17-55] 'set_property' expects at least one object. [C:/Users/97504/Documents/texicounter2/texicounter.srcs/constrs_1/new/test.xdc:37]
Resolution: If [get_<value>] was used to populate the object, check to make sure this command returns at least one valid object.
Finished Parsing XDC File [C:/Users/97504/Documents/texicounter2/texicounter.srcs/constrs_1/new/test.xdc]
Completed Processing XDC Constraints

INFO: [Opt 31-138] Pushed 0 inverter(s) to 0 load pin(s).
INFO: [Project 1-111] Unisim Transformation Summary:
No Unisim elements were transformed.

RTL Elaboration Complete:  : Time (s): cpu = 00:00:22 ; elapsed = 00:00:15 . Memory (MB): peak = 1246.898 ; gain = 437.676
36 Infos, 11 Warnings, 2 Critical Warnings and 0 Errors encountered.
synth_design completed successfully
synth_design: Time (s): cpu = 00:00:22 ; elapsed = 00:00:15 . Memory (MB): peak = 1248.125 ; gain = 438.902
open_hw
connect_hw_server
INFO: [Labtools 27-2285] Connecting to hw_server url TCP:localhost:3121
INFO: [Labtools 27-2222] Launching hw_server...
INFO: [Labtools 27-2221] Launch Output:

****** Xilinx hw_server v2017.2
  **** Build date : Jun 15 2017-18:53:26
    ** Copyright 1986-2017 Xilinx, Inc. All Rights Reserved.


open_hw_target
INFO: [Labtoolstcl 44-466] Opening hw_target localhost:3121/xilinx_tcf/Xilinx/1234-tulA
set_property PROGRAM.FILE {C:/Users/97504/Documents/texicounter2/texicounter.runs/impl_1/Taxi_Counter.bit} [get_hw_devices xc7a35t_0]
current_hw_device [get_hw_devices xc7a35t_0]
refresh_hw_device -update_hw_probes false [lindex [get_hw_devices xc7a35t_0] 0]
INFO: [Labtools 27-1434] Device xc7a35t (JTAG device index = 0) is programmed with a design that has no supported debug core(s) in it.
WARNING: [Labtools 27-3361] The debug hub core was not detected.
Resolution: 
1. Make sure the clock connected to the debug hub (dbg_hub) core is a free running clock and is active.
2. Make sure the BSCAN_SWITCH_USER_MASK device property in Vivado Hardware Manager reflects the user scan chain setting in the design and refresh the device.  To determine the user scan chain setting in the design, open the implemented design and use 'get_property C_USER_SCAN_CHAIN [get_debug_cores dbg_hub]'.
For more details on setting the scan chain property, consult the Vivado Debug and Programming User Guide (UG908).
set_property PROBES.FILE {} [get_hw_devices xc7a35t_0]
set_property FULL_PROBES.FILE {} [get_hw_devices xc7a35t_0]
set_property PROGRAM.FILE {C:/Users/97504/Documents/texicounter2/texicounter.runs/impl_1/Taxi_Counter.bit} [get_hw_devices xc7a35t_0]
program_hw_devices [get_hw_devices xc7a35t_0]
INFO: [Labtools 27-3164] End of startup status: HIGH
refresh_hw_device [lindex [get_hw_devices xc7a35t_0] 0]
INFO: [Labtools 27-1434] Device xc7a35t (JTAG device index = 0) is programmed with a design that has no supported debug core(s) in it.
WARNING: [Labtools 27-3361] The debug hub core was not detected.
Resolution: 
1. Make sure the clock connected to the debug hub (dbg_hub) core is a free running clock and is active.
2. Make sure the BSCAN_SWITCH_USER_MASK device property in Vivado Hardware Manager reflects the user scan chain setting in the design and refresh the device.  To determine the user scan chain setting in the design, open the implemented design and use 'get_property C_USER_SCAN_CHAIN [get_debug_cores dbg_hub]'.
For more details on setting the scan chain property, consult the Vivado Debug and Programming User Guide (UG908).
ERROR: [Labtoolstcl 44-513] HW Target shutdown. Closing target: localhost:3121/xilinx_tcf/Xilinx/1234-tulA
exit
INFO: [Common 17-206] Exiting Vivado at Mon Jun 18 23:28:54 2018...
