Copyright 1986-2018 Xilinx, Inc. All Rights Reserved.
-----------------------------------------------------------------------------------------
| Tool Version : Vivado v.2018.1 (win64) Build 2188600 Wed Apr  4 18:40:38 MDT 2018
| Date         : Wed Jun 20 22:22:06 2018
| Host         : DESKTOP-HQM2M30 running 64-bit major release  (build 9200)
| Command      : report_control_sets -verbose -file Taxi_Counter_control_sets_placed.rpt
| Design       : Taxi_Counter
| Device       : xc7a35t
-----------------------------------------------------------------------------------------

Control Set Information

Table of Contents
-----------------
1. Summary
2. Histogram
3. Flip-Flop Distribution
4. Detailed Control Set Information

1. Summary
----------

+----------------------------------------------------------+-------+
|                          Status                          | Count |
+----------------------------------------------------------+-------+
| Number of unique control sets                            |    12 |
| Unused register locations in slices containing registers |    42 |
+----------------------------------------------------------+-------+


2. Histogram
------------

+--------+--------------+
| Fanout | Control Sets |
+--------+--------------+
|      1 |            2 |
|      9 |            1 |
|    16+ |            9 |
+--------+--------------+


3. Flip-Flop Distribution
-------------------------

+--------------+-----------------------+------------------------+-----------------+--------------+
| Clock Enable | Synchronous Set/Reset | Asynchronous Set/Reset | Total Registers | Total Slices |
+--------------+-----------------------+------------------------+-----------------+--------------+
| No           | No                    | No                     |               9 |            7 |
| No           | No                    | Yes                    |               0 |            0 |
| No           | Yes                   | No                     |             131 |           38 |
| Yes          | No                    | No                     |             110 |           39 |
| Yes          | No                    | Yes                    |               0 |            0 |
| Yes          | Yes                   | No                     |              60 |           16 |
+--------------+-----------------------+------------------------+-----------------+--------------+


4. Detailed Control Set Information
-----------------------------------

+-----------------------------+-----------------------------------+-----------------------------------+------------------+----------------+
|         Clock Signal        |           Enable Signal           |          Set/Reset Signal         | Slice Load Count | Bel Load Count |
+-----------------------------+-----------------------------------+-----------------------------------+------------------+----------------+
|  CLK_IBUF_BUFG              | counter/countrol/D_Button_i_1_n_0 |                                   |                1 |              1 |
|  CLK_IBUF_BUFG              | counter/countrol/p_0_in           |                                   |                1 |              1 |
|  CLK_IBUF_BUFG              |                                   |                                   |                7 |              9 |
|  CLK_IBUF_BUFG              |                                   | counter/countrol/D_Button_i_1_n_0 |                5 |             22 |
|  CLK_IBUF_BUFG              |                                   | counter/countrol/p_0_in           |                4 |             22 |
|  CLK_IBUF_BUFG              |                                   | scan/clear                        |                6 |             22 |
|  counter/countrol/D_Switch1 | counter/Sum1_reg0__2              |                                   |                8 |             30 |
|  CLK_IBUF_BUFG              |                                   | counter/ClkCounter[30]_i_1_n_0    |                9 |             30 |
|  CLK_IBUF_BUFG              | counter/p_0_in__0                 |                                   |                9 |             30 |
|  CLK_IBUF_BUFG              |                                   | counter/p_0_in__0                 |               14 |             35 |
|  counter/countrol/D_Button  | counter/p_0_in__0                 |                                   |               20 |             48 |
|  CLK_IBUF_BUFG              | counter/ClkCounter[30]_i_1_n_0    | counter/p_0_in__0                 |               16 |             60 |
+-----------------------------+-----------------------------------+-----------------------------------+------------------+----------------+


