Copyright 1986-2018 Xilinx, Inc. All Rights Reserved.
----------------------------------------------------------------------------------------------------------------------------------------------------------
| Tool Version     : Vivado v.2018.1 (win64) Build 2188600 Wed Apr  4 18:40:38 MDT 2018
| Date             : Wed Jun 20 22:22:53 2018
| Host             : DESKTOP-HQM2M30 running 64-bit major release  (build 9200)
| Command          : report_power -file Taxi_Counter_power_routed.rpt -pb Taxi_Counter_power_summary_routed.pb -rpx Taxi_Counter_power_routed.rpx
| Design           : Taxi_Counter
| Device           : xc7a35tcsg324-3
| Design State     : routed
| Grade            : extended
| Process          : typical
| Characterization : Production
----------------------------------------------------------------------------------------------------------------------------------------------------------

Power Report

Table of Contents
-----------------
1. Summary
1.1 On-Chip Components
1.2 Power Supply Summary
1.3 Confidence Level
2. Settings
2.1 Environment
2.2 Clock Constraints
3. Detailed Reports
3.1 By Hierarchy

1. Summary
----------

+--------------------------+-----------------------------------+
| Total On-Chip Power (W)  | 196.094 (Junction temp exceeded!) |
| Design Power Budget (W)  | Unspecified*                      |
| Power Budget Margin (W)  | NA                                |
| Dynamic (W)              | 195.608                           |
| Device Static (W)        | 0.486                             |
| Effective TJA (C/W)      | 4.8                               |
| Max Ambient (C)          | 0.0                               |
| Junction Temperature (C) | 125.0                             |
| Confidence Level         | Low                               |
| Setting File             | ---                               |
| Simulation Activity File | ---                               |
| Design Nets Matched      | NA                                |
+--------------------------+-----------------------------------+
* Specify Design Power Budget using, set_operating_conditions -design_power_budget <value in Watts>


1.1 On-Chip Components
----------------------

+----------------+-----------+----------+-----------+-----------------+
| On-Chip        | Power (W) | Used     | Available | Utilization (%) |
+----------------+-----------+----------+-----------+-----------------+
| Slice Logic    |    73.217 |     6658 |       --- |             --- |
|   LUT as Logic |    68.620 |     4404 |     20800 |           21.17 |
|   CARRY4       |     4.498 |      868 |      8150 |           10.65 |
|   Register     |     0.064 |      310 |     41600 |            0.75 |
|   F7/F8 Muxes  |     0.030 |       14 |     32600 |            0.04 |
|   BUFG         |     0.006 |        1 |        32 |            3.13 |
|   Others       |     0.000 |       10 |       --- |             --- |
| Signals        |    64.059 |     5479 |       --- |             --- |
| I/O            |    58.332 |       36 |       210 |           17.14 |
| Static Power   |     0.486 |          |           |                 |
| Total          |   196.094 |          |           |                 |
+----------------+-----------+----------+-----------+-----------------+


1.2 Power Supply Summary
------------------------

+-----------+-------------+-----------+-------------+------------+
| Source    | Voltage (V) | Total (A) | Dynamic (A) | Static (A) |
+-----------+-------------+-----------+-------------+------------+
| Vccint    |       1.000 |   137.661 |     137.321 |      0.341 |
| Vccaux    |       1.800 |     2.189 |       2.136 |      0.053 |
| Vcco33    |       3.300 |    16.499 |      16.498 |      0.001 |
| Vcco25    |       2.500 |     0.000 |       0.000 |      0.000 |
| Vcco18    |       1.800 |     0.000 |       0.000 |      0.000 |
| Vcco15    |       1.500 |     0.000 |       0.000 |      0.000 |
| Vcco135   |       1.350 |     0.000 |       0.000 |      0.000 |
| Vcco12    |       1.200 |     0.000 |       0.000 |      0.000 |
| Vccaux_io |       1.800 |     0.000 |       0.000 |      0.000 |
| Vccbram   |       1.000 |     0.010 |       0.000 |      0.010 |
| MGTAVcc   |       1.000 |     0.000 |       0.000 |      0.000 |
| MGTAVtt   |       1.200 |     0.000 |       0.000 |      0.000 |
| Vccadc    |       1.800 |     0.020 |       0.000 |      0.020 |
+-----------+-------------+-----------+-------------+------------+


1.3 Confidence Level
--------------------

+-----------------------------+------------+--------------------------------------------------------+--------------------------------------------------------------------------------------------------------------------+
| User Input Data             | Confidence | Details                                                | Action                                                                                                             |
+-----------------------------+------------+--------------------------------------------------------+--------------------------------------------------------------------------------------------------------------------+
| Design implementation state | High       | Design is routed                                       |                                                                                                                    |
| Clock nodes activity        | Low        | User specified less than 75% of clocks                 | Provide missing clock activity with a constraint file, simulation results or by editing the "By Clock Domain" view |
| I/O nodes activity          | Low        | More than 75% of inputs are missing user specification | Provide missing input activity with simulation results or by editing the "By Resource Type -> I/Os" view           |
| Internal nodes activity     | Medium     | User specified less than 25% of internal nodes         | Provide missing internal nodes activity with simulation results or by editing the "By Resource Type" views         |
| Device models               | High       | Device models are Production                           |                                                                                                                    |
|                             |            |                                                        |                                                                                                                    |
| Overall confidence level    | Low        |                                                        |                                                                                                                    |
+-----------------------------+------------+--------------------------------------------------------+--------------------------------------------------------------------------------------------------------------------+


2. Settings
-----------

2.1 Environment
---------------

+-----------------------+--------------------------+
| Ambient Temp (C)      | 25.0                     |
| ThetaJA (C/W)         | 4.8                      |
| Airflow (LFM)         | 250                      |
| Heat Sink             | medium (Medium Profile)  |
| ThetaSA (C/W)         | 4.6                      |
| Board Selection       | medium (10"x10")         |
| # of Board Layers     | 12to15 (12 to 15 Layers) |
| Board Temperature (C) | 25.0                     |
+-----------------------+--------------------------+


2.2 Clock Constraints
---------------------

+-------+--------+-----------------+
| Clock | Domain | Constraint (ns) |
+-------+--------+-----------------+


3. Detailed Reports
-------------------

3.1 By Hierarchy
----------------

+---------------+-----------+
| Name          | Power (W) |
+---------------+-----------+
| Taxi_Counter  |   195.608 |
|   counter     |   135.629 |
|     PUTTIME   |    34.913 |
|     PutNumber |    97.767 |
|     countrol  |     0.304 |
|   scan        |     1.169 |
+---------------+-----------+


