#-----------------------------------------------------------
# Vivado v2017.2 (64-bit)
# SW Build 1909853 on Thu Jun 15 18:39:09 MDT 2017
# IP Build 1909766 on Thu Jun 15 19:58:00 MDT 2017
# Start of session at: Tue May 29 23:36:40 2018
# Process ID: 88
# Current directory: D:/Register
# Command line: vivado.exe -gui_launcher_event rodinguilauncherevent3756 D:\Register\Register.xpr
# Log file: D:/Register/vivado.log
# Journal file: D:/Register\vivado.jou
#-----------------------------------------------------------
start_gui
open_project D:/Register/Register.xpr
INFO: [Project 1-313] Project file moved from 'C:/Users/Îâê»/Desktop/Register' since last save.
Scanning sources...
Finished scanning sources
INFO: [IP_Flow 19-234] Refreshing IP repositories
INFO: [IP_Flow 19-1704] No user IP repositories specified
INFO: [IP_Flow 19-2313] Loaded Vivado IP repository 'D:/vivado/Vivado/2017.2/data/ip'.
update_compile_order -fileset sources_1
launch_simulation
INFO: [SIM-utils-51] Simulation object is 'sim_1'
INFO: [SIM-utils-54] Inspecting design source files for 'sim' in fileset 'sim_1'...
INFO: [USF-XSim-97] Finding global include files...
INFO: [USF-XSim-98] Fetching design files from 'sim_1'...
INFO: [USF-XSim-2] XSim::Compile design
INFO: [USF-XSim-61] Executing 'COMPILE and ANALYZE' step in 'D:/Register/Register.sim/sim_1/behav'
"xvlog -m64 --relax -prj sim_vlog.prj"
INFO: [VRFC 10-2263] Analyzing Verilog file "D:/Register/Register.srcs/sources_1/new/Register.v" into library xil_defaultlib
INFO: [VRFC 10-311] analyzing module Register
INFO: [VRFC 10-2263] Analyzing Verilog file "D:/Register/Register.srcs/sim_1/new/sim.v" into library xil_defaultlib
INFO: [VRFC 10-311] analyzing module sim
INFO: [VRFC 10-2263] Analyzing Verilog file "D:/Register/Register.sim/sim_1/behav/glbl.v" into library xil_defaultlib
INFO: [VRFC 10-311] analyzing module glbl
INFO: [USF-XSim-69] 'compile' step finished in '1' seconds
INFO: [USF-XSim-3] XSim::Elaborate design
INFO: [USF-XSim-61] Executing 'ELABORATE' step in 'D:/Register/Register.sim/sim_1/behav'
Vivado Simulator 2017.2
Copyright 1986-1999, 2001-2016 Xilinx, Inc. All Rights Reserved.
Running: D:/vivado/Vivado/2017.2/bin/unwrapped/win64.o/xelab.exe -wto 5b4b03d5401b46df9c9b778280f9f649 --debug typical --relax --mt 2 -L xil_defaultlib -L unisims_ver -L unimacro_ver -L secureip --snapshot sim_behav xil_defaultlib.sim xil_defaultlib.glbl -log elaborate.log 
Using 2 slave threads.
Starting static elaboration
Completed static elaboration
Starting simulation data flow analysis
Completed simulation data flow analysis
Time Resolution for simulation is 1ps
Compiling module xil_defaultlib.Register
Compiling module xil_defaultlib.sim
Compiling module xil_defaultlib.glbl
Built simulation snapshot sim_behav

****** Webtalk v2017.2 (64-bit)
  **** SW Build 1909853 on Thu Jun 15 18:39:09 MDT 2017
  **** IP Build 1909766 on Thu Jun 15 19:58:00 MDT 2017
    ** Copyright 1986-2017 Xilinx, Inc. All Rights Reserved.

source D:/Register/Register.sim/sim_1/behav/xsim.dir/sim_behav/webtalk/xsim_webtalk.tcl -notrace
webtalk_transmit: Time (s): cpu = 00:00:00 ; elapsed = 00:00:12 . Memory (MB): peak = 67.246 ; gain = 0.000
INFO: [Common 17-206] Exiting Webtalk at Tue May 29 23:38:04 2018...
run_program: Time (s): cpu = 00:00:01 ; elapsed = 00:00:35 . Memory (MB): peak = 776.555 ; gain = 0.000
INFO: [USF-XSim-69] 'elaborate' step finished in '35' seconds
INFO: [USF-XSim-4] XSim::Simulate design
INFO: [USF-XSim-61] Executing 'SIMULATE' step in 'D:/Register/Register.sim/sim_1/behav'
INFO: [USF-XSim-98] *** Running xsim
   with args "sim_behav -key {Behavioral:sim_1:Functional:sim} -tclbatch {sim.tcl} -log {simulate.log}"
INFO: [USF-XSim-8] Loading simulator feature
Vivado Simulator 2017.2
Time resolution is 1 ps
source sim.tcl
# set curr_wave [current_wave_config]
# if { [string length $curr_wave] == 0 } {
#   if { [llength [get_objects]] > 0} {
#     add_wave /
#     set_property needs_save false [current_wave_config]
#   } else {
#      send_msg_id Add_Wave-1 WARNING "No top level signals found. Simulator will start without a wave window. If you want to open a wave window go to 'File->New Waveform Configuration' or type 'create_wave_config' in the TCL console."
#   }
# }
# run 1000ns
xsim: Time (s): cpu = 00:00:05 ; elapsed = 00:00:15 . Memory (MB): peak = 776.555 ; gain = 0.000
INFO: [USF-XSim-96] XSim completed. Design snapshot 'sim_behav' loaded.
INFO: [USF-XSim-97] XSim simulation ran for 1000ns
launch_simulation: Time (s): cpu = 00:00:07 ; elapsed = 00:00:54 . Memory (MB): peak = 776.555 ; gain = 0.000
close_sim
INFO: [Simtcl 6-16] Simulation closed
close_sim: Time (s): cpu = 00:00:01 ; elapsed = 00:00:09 . Memory (MB): peak = 807.801 ; gain = 0.000
exit
INFO: [Common 17-206] Exiting Vivado at Wed May 30 01:28:22 2018...
