
*** Running vivado
    with args -log Taxi_Counter.vds -m64 -product Vivado -mode batch -messageDb vivado.pb -notrace -source Taxi_Counter.tcl


****** Vivado v2018.1 (64-bit)
  **** SW Build 2188600 on Wed Apr  4 18:40:38 MDT 2018
  **** IP Build 2185939 on Wed Apr  4 20:55:05 MDT 2018
    ** Copyright 1986-2018 Xilinx, Inc. All Rights Reserved.

source Taxi_Counter.tcl -notrace
Command: synth_design -top Taxi_Counter -part xc7a35tcsg324-3
Starting synth_design
Attempting to get a license for feature 'Synthesis' and/or device 'xc7a35t'
INFO: [Common 17-349] Got license for feature 'Synthesis' and/or device 'xc7a35t'
INFO: Launching helper process for spawning children vivado processes
INFO: Helper process launched with PID 10288 
---------------------------------------------------------------------------------
Starting RTL Elaboration : Time (s): cpu = 00:00:08 ; elapsed = 00:00:08 . Memory (MB): peak = 410.551 ; gain = 97.074
---------------------------------------------------------------------------------
INFO: [Synth 8-6157] synthesizing module 'Taxi_Counter' [C:/Users/sh/Desktop/texicounter2/texicounter.srcs/sources_1/new/Taxi_Counter.v:23]
INFO: [Synth 8-6157] synthesizing module 'Counter' [C:/Users/sh/Desktop/texicounter2/texicounter.srcs/sources_1/new/display.v:24]
INFO: [Synth 8-5534] Detected attribute (* dont_touch = "true" *) [C:/Users/sh/Desktop/texicounter2/texicounter.srcs/sources_1/new/display.v:43]
INFO: [Synth 8-5534] Detected attribute (* dont_touch = "true" *) [C:/Users/sh/Desktop/texicounter2/texicounter.srcs/sources_1/new/display.v:44]
INFO: [Synth 8-5534] Detected attribute (* dont_touch = "true" *) [C:/Users/sh/Desktop/texicounter2/texicounter.srcs/sources_1/new/display.v:45]
INFO: [Synth 8-5534] Detected attribute (* dont_touch = "true" *) [C:/Users/sh/Desktop/texicounter2/texicounter.srcs/sources_1/new/display.v:46]
INFO: [Synth 8-5534] Detected attribute (* dont_touch = "true" *) [C:/Users/sh/Desktop/texicounter2/texicounter.srcs/sources_1/new/display.v:47]
INFO: [Synth 8-5534] Detected attribute (* dont_touch = "true" *) [C:/Users/sh/Desktop/texicounter2/texicounter.srcs/sources_1/new/display.v:48]
INFO: [Synth 8-5534] Detected attribute (* dont_touch = "true" *) [C:/Users/sh/Desktop/texicounter2/texicounter.srcs/sources_1/new/display.v:49]
INFO: [Synth 8-5534] Detected attribute (* dont_touch = "true" *) [C:/Users/sh/Desktop/texicounter2/texicounter.srcs/sources_1/new/display.v:50]
INFO: [Synth 8-5534] Detected attribute (* dont_touch = "true" *) [C:/Users/sh/Desktop/texicounter2/texicounter.srcs/sources_1/new/display.v:51]
INFO: [Synth 8-5534] Detected attribute (* dont_touch = "true" *) [C:/Users/sh/Desktop/texicounter2/texicounter.srcs/sources_1/new/display.v:52]
INFO: [Synth 8-5534] Detected attribute (* dont_touch = "true" *) [C:/Users/sh/Desktop/texicounter2/texicounter.srcs/sources_1/new/display.v:53]
INFO: [Synth 8-5534] Detected attribute (* dont_touch = "true" *) [C:/Users/sh/Desktop/texicounter2/texicounter.srcs/sources_1/new/display.v:54]
INFO: [Synth 8-5534] Detected attribute (* dont_touch = "true" *) [C:/Users/sh/Desktop/texicounter2/texicounter.srcs/sources_1/new/display.v:55]
INFO: [Synth 8-5534] Detected attribute (* dont_touch = "true" *) [C:/Users/sh/Desktop/texicounter2/texicounter.srcs/sources_1/new/display.v:56]
INFO: [Synth 8-5534] Detected attribute (* dont_touch = "true" *) [C:/Users/sh/Desktop/texicounter2/texicounter.srcs/sources_1/new/display.v:57]
INFO: [Synth 8-5534] Detected attribute (* dont_touch = "true" *) [C:/Users/sh/Desktop/texicounter2/texicounter.srcs/sources_1/new/display.v:59]
INFO: [Synth 8-5534] Detected attribute (* dont_touch = "true" *) [C:/Users/sh/Desktop/texicounter2/texicounter.srcs/sources_1/new/display.v:60]
INFO: [Synth 8-6157] synthesizing module 'PutNum' [C:/Users/sh/Desktop/texicounter2/texicounter.srcs/sources_1/new/PutNum.v:23]
INFO: [Synth 8-6155] done synthesizing module 'PutNum' (1#1) [C:/Users/sh/Desktop/texicounter2/texicounter.srcs/sources_1/new/PutNum.v:23]
INFO: [Synth 8-6157] synthesizing module 'put_time' [C:/Users/sh/Desktop/texicounter2/texicounter.srcs/sources_1/new/put_time.v:23]
INFO: [Synth 8-6155] done synthesizing module 'put_time' (2#1) [C:/Users/sh/Desktop/texicounter2/texicounter.srcs/sources_1/new/put_time.v:23]
INFO: [Synth 8-6157] synthesizing module 'Button_Control' [C:/Users/sh/Desktop/texicounter2/texicounter.srcs/sources_1/new/Button_Control.v:23]
INFO: [Synth 8-6155] done synthesizing module 'Button_Control' (3#1) [C:/Users/sh/Desktop/texicounter2/texicounter.srcs/sources_1/new/Button_Control.v:23]
INFO: [Synth 8-155] case statement is not full and has no default [C:/Users/sh/Desktop/texicounter2/texicounter.srcs/sources_1/new/display.v:154]
INFO: [Synth 8-6155] done synthesizing module 'Counter' (4#1) [C:/Users/sh/Desktop/texicounter2/texicounter.srcs/sources_1/new/display.v:24]
INFO: [Synth 8-6157] synthesizing module 'Scan_Double' [C:/Users/sh/Desktop/texicounter2/texicounter.srcs/sources_1/new/Scan_Double.v:22]
INFO: [Synth 8-6157] synthesizing module 'Number27' [C:/Users/sh/Desktop/texicounter2/texicounter.srcs/sources_1/new/Number27.v:23]
INFO: [Synth 8-6155] done synthesizing module 'Number27' (5#1) [C:/Users/sh/Desktop/texicounter2/texicounter.srcs/sources_1/new/Number27.v:23]
WARNING: [Synth 8-567] referenced signal 's1' should be on the sensitivity list [C:/Users/sh/Desktop/texicounter2/texicounter.srcs/sources_1/new/Scan_Double.v:48]
WARNING: [Synth 8-567] referenced signal 's5' should be on the sensitivity list [C:/Users/sh/Desktop/texicounter2/texicounter.srcs/sources_1/new/Scan_Double.v:48]
WARNING: [Synth 8-567] referenced signal 's2' should be on the sensitivity list [C:/Users/sh/Desktop/texicounter2/texicounter.srcs/sources_1/new/Scan_Double.v:48]
WARNING: [Synth 8-567] referenced signal 's6' should be on the sensitivity list [C:/Users/sh/Desktop/texicounter2/texicounter.srcs/sources_1/new/Scan_Double.v:48]
WARNING: [Synth 8-567] referenced signal 's3' should be on the sensitivity list [C:/Users/sh/Desktop/texicounter2/texicounter.srcs/sources_1/new/Scan_Double.v:48]
WARNING: [Synth 8-567] referenced signal 's7' should be on the sensitivity list [C:/Users/sh/Desktop/texicounter2/texicounter.srcs/sources_1/new/Scan_Double.v:48]
WARNING: [Synth 8-567] referenced signal 's4' should be on the sensitivity list [C:/Users/sh/Desktop/texicounter2/texicounter.srcs/sources_1/new/Scan_Double.v:48]
WARNING: [Synth 8-567] referenced signal 's8' should be on the sensitivity list [C:/Users/sh/Desktop/texicounter2/texicounter.srcs/sources_1/new/Scan_Double.v:48]
INFO: [Synth 8-6155] done synthesizing module 'Scan_Double' (6#1) [C:/Users/sh/Desktop/texicounter2/texicounter.srcs/sources_1/new/Scan_Double.v:22]
INFO: [Synth 8-6155] done synthesizing module 'Taxi_Counter' (7#1) [C:/Users/sh/Desktop/texicounter2/texicounter.srcs/sources_1/new/Taxi_Counter.v:23]
---------------------------------------------------------------------------------
Finished RTL Elaboration : Time (s): cpu = 00:00:09 ; elapsed = 00:00:10 . Memory (MB): peak = 465.773 ; gain = 152.297
---------------------------------------------------------------------------------

Report Check Netlist: 
+------+------------------+-------+---------+-------+------------------+
|      |Item              |Errors |Warnings |Status |Description       |
+------+------------------+-------+---------+-------+------------------+
|1     |multi_driven_nets |      0|        0|Passed |Multi driven nets |
+------+------------------+-------+---------+-------+------------------+
---------------------------------------------------------------------------------
Start Handling Custom Attributes
---------------------------------------------------------------------------------
---------------------------------------------------------------------------------
Finished Handling Custom Attributes : Time (s): cpu = 00:00:10 ; elapsed = 00:00:10 . Memory (MB): peak = 465.773 ; gain = 152.297
---------------------------------------------------------------------------------
---------------------------------------------------------------------------------
Finished RTL Optimization Phase 1 : Time (s): cpu = 00:00:10 ; elapsed = 00:00:10 . Memory (MB): peak = 465.773 ; gain = 152.297
---------------------------------------------------------------------------------
INFO: [Device 21-403] Loading part xc7a35tcsg324-3
INFO: [Project 1-570] Preparing netlist for logic optimization

Processing XDC Constraints
Initializing timing engine
Parsing XDC File [C:/Users/sh/Desktop/texicounter2/texicounter.srcs/constrs_1/new/test.xdc]
WARNING: [Vivado 12-507] No nets matched 'S2_IBUF'. [C:/Users/sh/Desktop/texicounter2/texicounter.srcs/constrs_1/new/test.xdc:36]
CRITICAL WARNING: [Common 17-55] 'set_property' expects at least one object. [C:/Users/sh/Desktop/texicounter2/texicounter.srcs/constrs_1/new/test.xdc:36]
Resolution: If [get_<value>] was used to populate the object, check to make sure this command returns at least one valid object.
WARNING: [Vivado 12-507] No nets matched 'S0_IBUF'. [C:/Users/sh/Desktop/texicounter2/texicounter.srcs/constrs_1/new/test.xdc:37]
CRITICAL WARNING: [Common 17-55] 'set_property' expects at least one object. [C:/Users/sh/Desktop/texicounter2/texicounter.srcs/constrs_1/new/test.xdc:37]
Resolution: If [get_<value>] was used to populate the object, check to make sure this command returns at least one valid object.
Finished Parsing XDC File [C:/Users/sh/Desktop/texicounter2/texicounter.srcs/constrs_1/new/test.xdc]
INFO: [Project 1-236] Implementation specific constraints were found while reading constraint file [C:/Users/sh/Desktop/texicounter2/texicounter.srcs/constrs_1/new/test.xdc]. These constraints will be ignored for synthesis but will be used in implementation. Impacted constraints are listed in the file [.Xil/Taxi_Counter_propImpl.xdc].
Resolution: To avoid this warning, move constraints listed in [.Xil/Taxi_Counter_propImpl.xdc] to another XDC file and exclude this new file from synthesis with the used_in_synthesis property (File Properties dialog in GUI) and re-run elaboration/synthesis.
Completed Processing XDC Constraints

INFO: [Project 1-111] Unisim Transformation Summary:
No Unisim elements were transformed.

Constraint Validation Runtime : Time (s): cpu = 00:00:00 ; elapsed = 00:00:00.004 . Memory (MB): peak = 793.828 ; gain = 0.000
---------------------------------------------------------------------------------
Finished Constraint Validation : Time (s): cpu = 00:00:27 ; elapsed = 00:00:30 . Memory (MB): peak = 793.828 ; gain = 480.352
---------------------------------------------------------------------------------
---------------------------------------------------------------------------------
Start Loading Part and Timing Information
---------------------------------------------------------------------------------
Loading part: xc7a35tcsg324-3
---------------------------------------------------------------------------------
Finished Loading Part and Timing Information : Time (s): cpu = 00:00:27 ; elapsed = 00:00:30 . Memory (MB): peak = 793.828 ; gain = 480.352
---------------------------------------------------------------------------------
---------------------------------------------------------------------------------
Start Applying 'set_property' XDC Constraints
---------------------------------------------------------------------------------
---------------------------------------------------------------------------------
Finished applying 'set_property' XDC Constraints : Time (s): cpu = 00:00:27 ; elapsed = 00:00:30 . Memory (MB): peak = 793.828 ; gain = 480.352
---------------------------------------------------------------------------------
---------------------------------------------------------------------------------
Finished RTL Optimization Phase 2 : Time (s): cpu = 00:00:28 ; elapsed = 00:00:31 . Memory (MB): peak = 793.828 ; gain = 480.352
---------------------------------------------------------------------------------

Report RTL Partitions: 
+-+--------------+------------+----------+
| |RTL Partition |Replication |Instances |
+-+--------------+------------+----------+
+-+--------------+------------+----------+
---------------------------------------------------------------------------------
Start RTL Component Statistics 
---------------------------------------------------------------------------------
Detailed RTL Component Info : 
+---Adders : 
	   2 Input     30 Bit       Adders := 2     
	   5 Input     30 Bit       Adders := 1     
	   2 Input     22 Bit       Adders := 3     
	   2 Input      2 Bit       Adders := 1     
+---XORs : 
	   2 Input      1 Bit         XORs := 2     
+---Registers : 
	               30 Bit    Registers := 5     
	               22 Bit    Registers := 2     
	                5 Bit    Registers := 8     
	                4 Bit    Registers := 12    
	                2 Bit    Registers := 1     
	                1 Bit    Registers := 4     
+---Muxes : 
	   2 Input     14 Bit        Muxes := 1     
	   2 Input     11 Bit        Muxes := 1     
	   2 Input      8 Bit        Muxes := 1     
	   4 Input      8 Bit        Muxes := 2     
	   2 Input      5 Bit        Muxes := 9     
	  13 Input      4 Bit        Muxes := 12    
	   2 Input      4 Bit        Muxes := 1     
	   4 Input      4 Bit        Muxes := 1     
---------------------------------------------------------------------------------
Finished RTL Component Statistics 
---------------------------------------------------------------------------------
---------------------------------------------------------------------------------
Start RTL Hierarchical Component Statistics 
---------------------------------------------------------------------------------
Hierarchical RTL Component report 
Module Button_Control 
Detailed RTL Component Info : 
+---Adders : 
	   2 Input     22 Bit       Adders := 2     
+---XORs : 
	   2 Input      1 Bit         XORs := 2     
+---Registers : 
	               22 Bit    Registers := 2     
	                1 Bit    Registers := 4     
Module Counter 
Detailed RTL Component Info : 
+---Adders : 
	   2 Input     30 Bit       Adders := 2     
	   5 Input     30 Bit       Adders := 1     
+---Registers : 
	               30 Bit    Registers := 5     
	                5 Bit    Registers := 8     
	                4 Bit    Registers := 12    
+---Muxes : 
	   2 Input     14 Bit        Muxes := 1     
	   2 Input     11 Bit        Muxes := 1     
	   2 Input      8 Bit        Muxes := 1     
	   2 Input      5 Bit        Muxes := 9     
	  13 Input      4 Bit        Muxes := 12    
	   2 Input      4 Bit        Muxes := 1     
Module Scan_Double 
Detailed RTL Component Info : 
+---Adders : 
	   2 Input     22 Bit       Adders := 1     
	   2 Input      2 Bit       Adders := 1     
+---Registers : 
	                2 Bit    Registers := 1     
+---Muxes : 
	   4 Input      8 Bit        Muxes := 2     
	   4 Input      4 Bit        Muxes := 1     
---------------------------------------------------------------------------------
Finished RTL Hierarchical Component Statistics
---------------------------------------------------------------------------------
---------------------------------------------------------------------------------
Start Part Resource Summary
---------------------------------------------------------------------------------
Part Resources:
DSPs: 90 (col length:60)
BRAMs: 100 (col length: RAMB18 60 RAMB36 30)
---------------------------------------------------------------------------------
Finished Part Resource Summary
---------------------------------------------------------------------------------
---------------------------------------------------------------------------------
Start Cross Boundary and Area Optimization
---------------------------------------------------------------------------------
Warning: Parallel synthesis criteria is not met 
---------------------------------------------------------------------------------
Finished Cross Boundary and Area Optimization : Time (s): cpu = 00:01:07 ; elapsed = 00:01:12 . Memory (MB): peak = 807.113 ; gain = 493.637
---------------------------------------------------------------------------------

Report RTL Partitions: 
+-+--------------+------------+----------+
| |RTL Partition |Replication |Instances |
+-+--------------+------------+----------+
+-+--------------+------------+----------+
---------------------------------------------------------------------------------
Start Applying XDC Timing Constraints
---------------------------------------------------------------------------------
---------------------------------------------------------------------------------
Finished Applying XDC Timing Constraints : Time (s): cpu = 00:01:22 ; elapsed = 00:01:29 . Memory (MB): peak = 822.523 ; gain = 509.047
---------------------------------------------------------------------------------
---------------------------------------------------------------------------------
Start Timing Optimization
---------------------------------------------------------------------------------
---------------------------------------------------------------------------------
Finished Timing Optimization : Time (s): cpu = 00:01:23 ; elapsed = 00:01:30 . Memory (MB): peak = 826.211 ; gain = 512.734
---------------------------------------------------------------------------------

Report RTL Partitions: 
+-+--------------+------------+----------+
| |RTL Partition |Replication |Instances |
+-+--------------+------------+----------+
+-+--------------+------------+----------+
---------------------------------------------------------------------------------
Start Technology Mapping
---------------------------------------------------------------------------------
---------------------------------------------------------------------------------
Finished Technology Mapping : Time (s): cpu = 00:01:28 ; elapsed = 00:01:34 . Memory (MB): peak = 1036.434 ; gain = 722.957
---------------------------------------------------------------------------------

Report RTL Partitions: 
+-+--------------+------------+----------+
| |RTL Partition |Replication |Instances |
+-+--------------+------------+----------+
+-+--------------+------------+----------+
---------------------------------------------------------------------------------
Start IO Insertion
---------------------------------------------------------------------------------
---------------------------------------------------------------------------------
Start Flattening Before IO Insertion
---------------------------------------------------------------------------------
---------------------------------------------------------------------------------
Finished Flattening Before IO Insertion
---------------------------------------------------------------------------------
---------------------------------------------------------------------------------
Start Final Netlist Cleanup
---------------------------------------------------------------------------------
---------------------------------------------------------------------------------
Finished Final Netlist Cleanup
---------------------------------------------------------------------------------
---------------------------------------------------------------------------------
Finished IO Insertion : Time (s): cpu = 00:01:29 ; elapsed = 00:01:36 . Memory (MB): peak = 1036.434 ; gain = 722.957
---------------------------------------------------------------------------------

Report Check Netlist: 
+------+------------------+-------+---------+-------+------------------+
|      |Item              |Errors |Warnings |Status |Description       |
+------+------------------+-------+---------+-------+------------------+
|1     |multi_driven_nets |      0|        0|Passed |Multi driven nets |
+------+------------------+-------+---------+-------+------------------+
---------------------------------------------------------------------------------
Start Renaming Generated Instances
---------------------------------------------------------------------------------
---------------------------------------------------------------------------------
Finished Renaming Generated Instances : Time (s): cpu = 00:01:30 ; elapsed = 00:01:36 . Memory (MB): peak = 1036.434 ; gain = 722.957
---------------------------------------------------------------------------------

Report RTL Partitions: 
+-+--------------+------------+----------+
| |RTL Partition |Replication |Instances |
+-+--------------+------------+----------+
+-+--------------+------------+----------+
---------------------------------------------------------------------------------
Start Rebuilding User Hierarchy
---------------------------------------------------------------------------------
---------------------------------------------------------------------------------
Finished Rebuilding User Hierarchy : Time (s): cpu = 00:01:30 ; elapsed = 00:01:36 . Memory (MB): peak = 1036.434 ; gain = 722.957
---------------------------------------------------------------------------------
---------------------------------------------------------------------------------
Start Renaming Generated Ports
---------------------------------------------------------------------------------
---------------------------------------------------------------------------------
Finished Renaming Generated Ports : Time (s): cpu = 00:01:30 ; elapsed = 00:01:36 . Memory (MB): peak = 1036.434 ; gain = 722.957
---------------------------------------------------------------------------------
---------------------------------------------------------------------------------
Start Handling Custom Attributes
---------------------------------------------------------------------------------
---------------------------------------------------------------------------------
Finished Handling Custom Attributes : Time (s): cpu = 00:01:30 ; elapsed = 00:01:36 . Memory (MB): peak = 1036.434 ; gain = 722.957
---------------------------------------------------------------------------------
---------------------------------------------------------------------------------
Start Renaming Generated Nets
---------------------------------------------------------------------------------
---------------------------------------------------------------------------------
Finished Renaming Generated Nets : Time (s): cpu = 00:01:30 ; elapsed = 00:01:36 . Memory (MB): peak = 1036.434 ; gain = 722.957
---------------------------------------------------------------------------------
---------------------------------------------------------------------------------
Start Writing Synthesis Report
---------------------------------------------------------------------------------

Report BlackBoxes: 
+-+--------------+----------+
| |BlackBox name |Instances |
+-+--------------+----------+
+-+--------------+----------+

Report Cell Usage: 
+------+-------+------+
|      |Cell   |Count |
+------+-------+------+
|1     |BUFG   |     1|
|2     |CARRY4 |   868|
|3     |LUT1   |   133|
|4     |LUT2   |   888|
|5     |LUT3   |  1306|
|6     |LUT4   |   892|
|7     |LUT5   |   799|
|8     |LUT6   |  1437|
|9     |MUXF7  |    14|
|10    |FDRE   |   310|
|11    |IBUF   |    12|
|12    |OBUF   |    24|
+------+-------+------+

Report Instance Areas: 
+------+--------------+---------------+------+
|      |Instance      |Module         |Cells |
+------+--------------+---------------+------+
|1     |top           |               |  6684|
|2     |  counter     |Counter        |  6527|
|3     |    PutNumber |PutNum         |  3769|
|4     |    PUTTIME   |put_time       |  2126|
|5     |    countrol  |Button_Control |   114|
|6     |  scan        |Scan_Double    |    92|
+------+--------------+---------------+------+
---------------------------------------------------------------------------------
Finished Writing Synthesis Report : Time (s): cpu = 00:01:30 ; elapsed = 00:01:36 . Memory (MB): peak = 1036.434 ; gain = 722.957
---------------------------------------------------------------------------------
Synthesis finished with 0 errors, 0 critical warnings and 0 warnings.
Synthesis Optimization Runtime : Time (s): cpu = 00:01:11 ; elapsed = 00:01:25 . Memory (MB): peak = 1036.434 ; gain = 394.902
Synthesis Optimization Complete : Time (s): cpu = 00:01:30 ; elapsed = 00:01:37 . Memory (MB): peak = 1036.434 ; gain = 722.957
INFO: [Project 1-571] Translating synthesized netlist
INFO: [Netlist 29-17] Analyzing 894 Unisim elements for replacement
INFO: [Netlist 29-28] Unisim Transformation completed in 1 CPU seconds
INFO: [Project 1-570] Preparing netlist for logic optimization
INFO: [Opt 31-138] Pushed 0 inverter(s) to 0 load pin(s).
INFO: [Project 1-111] Unisim Transformation Summary:
No Unisim elements were transformed.

INFO: [Common 17-83] Releasing license: Synthesis
44 Infos, 10 Warnings, 2 Critical Warnings and 0 Errors encountered.
synth_design completed successfully
synth_design: Time (s): cpu = 00:01:34 ; elapsed = 00:01:42 . Memory (MB): peak = 1036.434 ; gain = 735.781
INFO: [Common 17-1381] The checkpoint 'C:/Users/sh/Desktop/texicounter2/texicounter.runs/synth_1/Taxi_Counter.dcp' has been generated.
INFO: [runtcl-4] Executing : report_utilization -file Taxi_Counter_utilization_synth.rpt -pb Taxi_Counter_utilization_synth.pb
report_utilization: Time (s): cpu = 00:00:00 ; elapsed = 00:00:00.077 . Memory (MB): peak = 1036.434 ; gain = 0.000
INFO: [Common 17-206] Exiting Vivado at Wed Jun 20 22:20:53 2018...
