Exception at PC 0x00007FFF0CE9DB58
Exception at PC 0x00007FFF0CE9DB58
Exception at PC 0x00007FFF0CE9DB58
Exception at PC 0x00007FFF0CE9DB58
Unable to capture context for thread 21672 in process 28108, can not generate back trace
Unable to capture context for thread 26900 in process 28108, can not generate back trace
Unable to capture context for thread 15440 in process 28108, can not generate back trace
Exception at PC 0x00007FFEB27EBB93
Printing stacktrace...

[0]  [0x00007FFEB27EBB93]
[1]  [0x00007FFEB27EBB93]
[2]  [0x00007FFEB27EB4A1]
[3]  [0x00007FFEB27EB3EF]
[4]  [0x00007FFEB27D19FE]
[5]  [0x00007FFEB27D0ED1]
[6]  [0x00007FFEB27D0D76]
[7]  [0x00007FFEB27779F6]
[8]  [0x00007FFEB2767AFB]
[9]  [0x00007FFEB288E90A]
[10]  [0x00007FFEB28A9F87]
[11]  [0x00007FFEB28AA05F]
[12] (BaseThreadInitThunk+0x14) [0x00007FFF0F4A47E4]
[13] (RtlUserThreadStart+0x21) [0x00007FFF10209F31]
Done
Exception at PC 0x00007FFEB24F1A52
Attemped to write at address 0x00007FFEBFBBABA4
Printing stacktrace...

[0]  [0x00007FFEB24F1A52]
[1]  [0x00007FFEB24F1A52]
[2]  [0x00007FFEB24F1AD4]
[3]  [0x00007FFEB2633FF7]
[4]  [0x00007FFEB2519128]
[5]  [0x00007FFEB27CDFB9]
[6]  [0x00007FFEB299EF23]
[7]  [0x00007FFEB28AB06B]
[8]  [0x00007FFEB28A08AF]
[9]  [0x00007FFEB28A0A32]
[10] (RtlActivateActivationContextUnsafeFast+0x123) [0x00007FFF101F1A83]
[11] (LdrShutdownProcess+0x125) [0x00007FFF102345A5]
[12] (RtlExitUserProcess+0xad) [0x00007FFF1023445D]
[13] (FatalExit+0xa) [0x00007FFF0F4ADBFA]
[14] (exit+0x75) [0x00007FFF0DE19CF5]
[15] (initterm_e+0x235) [0x00007FFF0DE1A355]
[16]  [0x00000000004014CD]
[17]  [0x000000000040151B]
[18] (BaseThreadInitThunk+0x14) [0x00007FFF0F4A47E4]
[19] (RtlUserThreadStart+0x21) [0x00007FFF10209F31]
Done
