Unable to capture context for thread 18644 in process 1216, can not generate back trace
Exception at PC 0x00007FFBAF0FBB93
Printing stacktrace...

[0]  [0x00007FFBAF0FBB93]
[1]  [0x00007FFBAF0FBB93]
[2]  [0x00007FFBAF0FB4A1]
[3]  [0x00007FFBAF0FB3EF]
[4]  [0x00007FFBAF0E19FE]
[5]  [0x00007FFBAF0E0ED1]
[6]  [0x00007FFBAF0E0D76]
[7]  [0x00007FFBAF0879F6]
[8]  [0x00007FFBAF077AFB]
[9]  [0x00007FFBAF19E90A]
[10]  [0x00007FFBAF1B9F87]
[11]  [0x00007FFBAF1BA05F]
[12] (BaseThreadInitThunk+0x14) [0x00007FFC23063034]
[13] (RtlUserThreadStart+0x21) [0x00007FFC24661551]
Done
Exception at PC 0x00007FFBAEE01A52
Attemped to write at address 0x00007FFBE9B2ABA4
Printing stacktrace...

[0]  [0x00007FFBAEE01A52]
[1]  [0x00007FFBAEE01A52]
[2]  [0x00007FFBAEE01AD4]
[3]  [0x00007FFBAEF43FF7]
[4]  [0x00007FFBAEE29128]
[5]  [0x00007FFBAF0DDFB9]
[6]  [0x00007FFBAF2AEF23]
[7]  [0x00007FFBAF1BB06B]
[8]  [0x00007FFBAF1B08AF]
[9]  [0x00007FFBAF1B0A32]
[10] (RtlActivateActivationContextUnsafeFast+0x123) [0x00007FFC24624143]
[11] (LdrShutdownProcess+0x125) [0x00007FFC24630AF5]
[12] (RtlExitUserProcess+0xd8) [0x00007FFC246309B8]
[13] (FatalExit+0xa) [0x00007FFC2306B19A]
[14] (exit+0x75) [0x00007FFC22FA9CE5]
[15] (initterm_e+0x235) [0x00007FFC22FAA345]
[16]  [0x00000000004014CD]
[17]  [0x000000000040151B]
[18] (BaseThreadInitThunk+0x14) [0x00007FFC23063034]
[19] (RtlUserThreadStart+0x21) [0x00007FFC24661551]
Done
